0 info it worked if it ends with ok
1 verbose cli [ 'node', '/usr/local/bin/npm', 'install', '-g', 'nodemon' ]
2 info using npm@1.4.28
3 info using node@v0.10.32
4 verbose cache add [ 'nodemon', null ]
5 verbose cache add name=undefined spec="nodemon" args=["nodemon",null]
6 verbose parsed url { protocol: null,
6 verbose parsed url   slashes: null,
6 verbose parsed url   auth: null,
6 verbose parsed url   host: null,
6 verbose parsed url   port: null,
6 verbose parsed url   hostname: null,
6 verbose parsed url   hash: null,
6 verbose parsed url   search: null,
6 verbose parsed url   query: null,
6 verbose parsed url   pathname: 'nodemon',
6 verbose parsed url   path: 'nodemon',
6 verbose parsed url   href: 'nodemon' }
7 silly lockFile 1625b929-nodemon nodemon
8 verbose lock nodemon /Users/amarino/.npm/1625b929-nodemon.lock
9 silly lockFile 1625b929-nodemon nodemon
10 silly lockFile 1625b929-nodemon nodemon
11 verbose addNamed [ 'nodemon', '' ]
12 verbose addNamed [ null, '*' ]
13 silly lockFile 4f5e51c6-nodemon nodemon@
14 verbose lock nodemon@ /Users/amarino/.npm/4f5e51c6-nodemon.lock
15 silly addNameRange { name: 'nodemon', range: '*', hasData: false }
16 verbose request where is /nodemon
17 verbose request registry https://registry.npmjs.org/
18 verbose request id 13988247ed2df76e
19 verbose url raw /nodemon
20 verbose url resolving [ 'https://registry.npmjs.org/', './nodemon' ]
21 verbose url resolved https://registry.npmjs.org/nodemon
22 verbose request where is https://registry.npmjs.org/nodemon
23 info trying registry request attempt 1 at 15:04:23
24 verbose etag "B5ZMVA5ZCWK30CEK7H1SQLV68"
25 http GET https://registry.npmjs.org/nodemon
26 http 200 https://registry.npmjs.org/nodemon
27 silly registry.get cb [ 200,
27 silly registry.get   { date: 'Wed, 22 Oct 2014 19:04:23 GMT',
27 silly registry.get     server: 'CouchDB/1.5.0 (Erlang OTP/R16B03)',
27 silly registry.get     etag: '"4O8UFC2ZP26H741EBG9SRC3VH"',
27 silly registry.get     'content-type': 'application/json',
27 silly registry.get     'cache-control': 'max-age=60',
27 silly registry.get     'content-length': '122568',
27 silly registry.get     'accept-ranges': 'bytes',
27 silly registry.get     via: '1.1 varnish',
27 silly registry.get     age: '55',
27 silly registry.get     'x-served-by': 'cache-jfk1030-JFK',
27 silly registry.get     'x-cache': 'HIT',
27 silly registry.get     'x-cache-hits': '1',
27 silly registry.get     'x-timer': 'S1414004663.913199,VS0,VE1',
27 silly registry.get     vary: 'Accept',
27 silly registry.get     'keep-alive': 'timeout=10, max=50',
27 silly registry.get     connection: 'Keep-Alive' } ]
28 silly addNameRange number 2 { name: 'nodemon', range: '*', hasData: true }
29 silly addNameRange versions [ 'nodemon',
29 silly addNameRange   [ '0.1.4',
29 silly addNameRange     '0.1.5',
29 silly addNameRange     '0.1.6',
29 silly addNameRange     '0.1.7',
29 silly addNameRange     '0.1.8',
29 silly addNameRange     '0.2.0',
29 silly addNameRange     '0.2.1',
29 silly addNameRange     '0.2.2',
29 silly addNameRange     '0.3.0',
29 silly addNameRange     '0.3.1',
29 silly addNameRange     '0.3.2',
29 silly addNameRange     '0.4.0',
29 silly addNameRange     '0.4.1',
29 silly addNameRange     '0.5.0',
29 silly addNameRange     '0.5.1',
29 silly addNameRange     '0.5.2',
29 silly addNameRange     '0.5.3',
29 silly addNameRange     '0.5.4',
29 silly addNameRange     '0.5.5',
29 silly addNameRange     '0.5.6',
29 silly addNameRange     '0.5.7',
29 silly addNameRange     '0.6.0',
29 silly addNameRange     '0.6.1',
29 silly addNameRange     '0.6.2',
29 silly addNameRange     '0.6.3',
29 silly addNameRange     '0.6.4',
29 silly addNameRange     '0.6.5',
29 silly addNameRange     '0.6.6',
29 silly addNameRange     '0.6.7',
29 silly addNameRange     '0.6.8',
29 silly addNameRange     '0.6.9',
29 silly addNameRange     '0.6.10',
29 silly addNameRange     '0.6.11',
29 silly addNameRange     '0.6.12',
29 silly addNameRange     '0.6.13',
29 silly addNameRange     '0.6.14',
29 silly addNameRange     '0.6.15',
29 silly addNameRange     '0.6.16',
29 silly addNameRange     '0.6.17',
29 silly addNameRange     '0.6.18',
29 silly addNameRange     '0.6.19',
29 silly addNameRange     '0.6.20',
29 silly addNameRange     '0.6.21',
29 silly addNameRange     '0.6.22',
29 silly addNameRange     '0.6.23',
29 silly addNameRange     '0.7.0',
29 silly addNameRange     '0.7.1',
29 silly addNameRange     '0.7.2',
29 silly addNameRange     '0.7.3',
29 silly addNameRange     '0.7.4',
29 silly addNameRange     '0.7.5',
29 silly addNameRange     '0.7.6',
29 silly addNameRange     '0.7.7',
29 silly addNameRange     '0.7.8',
29 silly addNameRange     '0.7.10',
29 silly addNameRange     '0.9.0',
29 silly addNameRange     '0.9.1',
29 silly addNameRange     '0.9.2',
29 silly addNameRange     '0.9.3',
29 silly addNameRange     '0.9.5',
29 silly addNameRange     '0.9.6',
29 silly addNameRange     '0.9.7',
29 silly addNameRange     '0.9.10',
29 silly addNameRange     '0.9.11',
29 silly addNameRange     '0.9.12',
29 silly addNameRange     '0.9.14',
29 silly addNameRange     '0.9.16',
29 silly addNameRange     '0.9.17',
29 silly addNameRange     '1.0.0',
29 silly addNameRange     '1.0.1',
29 silly addNameRange     '1.0.2',
29 silly addNameRange     '1.0.2-rc',
29 silly addNameRange     '0.6.10-a',
29 silly addNameRange     '1.0.2-rc3',
29 silly addNameRange     '1.0.2-rc4',
29 silly addNameRange     '1.0.3',
29 silly addNameRange     '1.0.4',
29 silly addNameRange     '1.0.5',
29 silly addNameRange     '1.0.6',
29 silly addNameRange     '1.0.7',
29 silly addNameRange     '1.0.8',
29 silly addNameRange     '1.0.9',
29 silly addNameRange     '1.0.10',
29 silly addNameRange     '1.0.11',
29 silly addNameRange     '1.0.12',
29 silly addNameRange     '1.0.13',
29 silly addNameRange     '1.0.14',
29 silly addNameRange     '1.0.15',
29 silly addNameRange     '1.0.16',
29 silly addNameRange     '1.0.17-rc1',
29 silly addNameRange     '1.0.17-rc2',
29 silly addNameRange     '1.0.17',
29 silly addNameRange     '1.0.18',
29 silly addNameRange     '1.0.19',
29 silly addNameRange     '1.0.20',
29 silly addNameRange     '1.1.0-alpha',
29 silly addNameRange     '1.1.0',
29 silly addNameRange     '1.1.1',
29 silly addNameRange     '1.2.0',
29 silly addNameRange     '1.2.1' ] ]
30 verbose addNamed [ 'nodemon', '1.2.1' ]
31 verbose addNamed [ '1.2.1', '1.2.1' ]
32 silly lockFile 891e98f0-nodemon-1-2-1 nodemon@1.2.1
33 verbose lock nodemon@1.2.1 /Users/amarino/.npm/891e98f0-nodemon-1-2-1.lock
34 silly lockFile 85afaeac-js-org-nodemon-nodemon-1-2-1-tgz https://registry.npmjs.org/nodemon/-/nodemon-1.2.1.tgz
35 verbose lock https://registry.npmjs.org/nodemon/-/nodemon-1.2.1.tgz /Users/amarino/.npm/85afaeac-js-org-nodemon-nodemon-1-2-1-tgz.lock
36 verbose addRemoteTarball [ 'https://registry.npmjs.org/nodemon/-/nodemon-1.2.1.tgz',
36 verbose addRemoteTarball   '02a288045652e92350e7d752a8054472ed2c4824' ]
37 info retry fetch attempt 1 at 15:04:24
38 verbose fetch to= /var/folders/1m/nv1jl_7576bdd8b9_jnmdj0h0000gp/T/npm-993-leQ1A8uM/registry.npmjs.org/nodemon/-/nodemon-1.2.1.tgz
39 http GET https://registry.npmjs.org/nodemon/-/nodemon-1.2.1.tgz
40 http 200 https://registry.npmjs.org/nodemon/-/nodemon-1.2.1.tgz
41 silly lockFile 85afaeac-js-org-nodemon-nodemon-1-2-1-tgz https://registry.npmjs.org/nodemon/-/nodemon-1.2.1.tgz
42 silly lockFile 85afaeac-js-org-nodemon-nodemon-1-2-1-tgz https://registry.npmjs.org/nodemon/-/nodemon-1.2.1.tgz
43 silly lockFile 891e98f0-nodemon-1-2-1 nodemon@1.2.1
44 silly lockFile 891e98f0-nodemon-1-2-1 nodemon@1.2.1
45 silly lockFile 4f5e51c6-nodemon nodemon@
46 silly lockFile 4f5e51c6-nodemon nodemon@
47 error Error: EACCES, mkdir '/Users/amarino/.npm/nodemon/1.2.1'
47 error  { [Error: EACCES, mkdir '/Users/amarino/.npm/nodemon/1.2.1']
47 error   errno: 3,
47 error   code: 'EACCES',
47 error   path: '/Users/amarino/.npm/nodemon/1.2.1' }
48 error Please try running this command again as root/Administrator.
49 error System Darwin 13.3.0
50 error command "node" "/usr/local/bin/npm" "install" "-g" "nodemon"
51 error cwd /Users/amarino/Sites/mean.io/ExpressApp
52 error node -v v0.10.32
53 error npm -v 1.4.28
54 error path /Users/amarino/.npm/nodemon/1.2.1
55 error code EACCES
56 error errno 3
57 error stack Error: EACCES, mkdir '/Users/amarino/.npm/nodemon/1.2.1'
58 verbose exit [ 3, true ]
